# JRE version: OpenJDK Runtime Environment (8.0_242-b01) (build 1.8.0_242-release-1644-b01)
# Java VM: OpenJDK 64-Bit Server VM (25.242-b01 mixed mode windows-amd64 compressed oops)
Heap:
 PSYoungGen      total 719872K, used 573688K [0x000000076ab00000, 0x00000007ac780000, 0x00000007c0000000)
  eden space 465408K, 71% used [0x000000076ab00000,0x000000077f219bf0,0x0000000787180000)
  from space 254464K, 93% used [0x0000000798d80000,0x00000007a76a4560,0x00000007a8600000)
  to   space 290816K, 0% used [0x0000000787180000,0x0000000787180000,0x0000000798d80000)
 ParOldGen       total 609792K, used 461427K [0x00000006c0000000, 0x00000006e5380000, 0x000000076ab00000)
  object space 609792K, 75% used [0x00000006c0000000,0x00000006dc29cec0,0x00000006e5380000)
 Metaspace       used 6376K, capacity 7216K, committed 7296K, reserved 1056768K
  class space    used 580K, capacity 616K, committed 640K, reserved 1048576K
GC Heap History (10 events):
Event: 18.177 GC heap before
{Heap before GC invocations=20 (full 3):
 PSYoungGen      total 579072K, used 579066K [0x000000076ab00000, 0x000000079bc80000, 0x00000007c0000000)
  eden space 438272K, 100% used [0x000000076ab00000,0x0000000785700000,0x0000000785700000)
  from space 140800K, 99% used [0x000000078f900000,0x000000079827ea68,0x0000000798280000)
  to   space 165888K, 0% used [0x0000000785700000,0x0000000785700000,0x000000078f900000)
 ParOldGen       total 375808K, used 321213K [0x00000006c0000000, 0x00000006d6f00000, 0x000000076ab00000)
  object space 375808K, 85% used [0x00000006c0000000,0x00000006d39af728,0x00000006d6f00000)
 Metaspace       used 6373K, capacity 7216K, committed 7296K, reserved 1056768K
  class space    used 580K, capacity 616K, committed 640K, reserved 1048576K
Event: 18.315 GC heap after
Heap after GC invocations=20 (full 3):
 PSYoungGen      total 604160K, used 145035K [0x000000076ab00000, 0x000000079f200000, 0x00000007c0000000)
  eden space 438272K, 0% used [0x000000076ab00000,0x000000076ab00000,0x0000000785700000)
  from space 165888K, 87% used [0x0000000785700000,0x000000078e4a2ff8,0x000000078f900000)
  to   space 185856K, 0% used [0x0000000793c80000,0x0000000793c80000,0x000000079f200000)
 ParOldGen       total 388608K, used 388107K [0x00000006c0000000, 0x00000006d7b80000, 0x000000076ab00000)
  object space 388608K, 99% used [0x00000006c0000000,0x00000006d7b02cd8,0x00000006d7b80000)
 Metaspace       used 6373K, capacity 7216K, committed 7296K, reserved 1056768K
  class space    used 580K, capacity 616K, committed 640K, reserved 1048576K
}
Event: 18.315 GC heap before
{Heap before GC invocations=21 (full 4):
 PSYoungGen      total 604160K, used 145035K [0x000000076ab00000, 0x000000079f200000, 0x00000007c0000000)
  eden space 438272K, 0% used [0x000000076ab00000,0x000000076ab00000,0x0000000785700000)
  from space 165888K, 87% used [0x0000000785700000,0x000000078e4a2ff8,0x000000078f900000)
  to   space 185856K, 0% used [0x0000000793c80000,0x0000000793c80000,0x000000079f200000)
 ParOldGen       total 388608K, used 388107K [0x00000006c0000000, 0x00000006d7b80000, 0x000000076ab00000)
  object space 388608K, 99% used [0x00000006c0000000,0x00000006d7b02cd8,0x00000006d7b80000)
 Metaspace       used 6373K, capacity 7216K, committed 7296K, reserved 1056768K
  class space    used 580K, capacity 616K, committed 640K, reserved 1048576K
Event: 20.522 GC heap after
Heap after GC invocations=21 (full 4):
 PSYoungGen      total 604160K, used 98045K [0x000000076ab00000, 0x000000079f200000, 0x00000007c0000000)
  eden space 438272K, 0% used [0x000000076ab00000,0x000000076ab00000,0x0000000785700000)
  from space 165888K, 59% used [0x0000000785700000,0x000000078b6bf638,0x000000078f900000)
  to   space 185856K, 0% used [0x0000000793c80000,0x0000000793c80000,0x000000079f200000)
 ParOldGen       total 609792K, used 388158K [0x00000006c0000000, 0x00000006e5380000, 0x000000076ab00000)
  object space 609792K, 63% used [0x00000006c0000000,0x00000006d7b0f908,0x00000006e5380000)
 Metaspace       used 6373K, capacity 7216K, committed 7296K, reserved 1056768K
  class space    used 580K, capacity 616K, committed 640K, reserved 1048576K
}
Event: 26.658 GC heap before
{Heap before GC invocations=22 (full 4):
 PSYoungGen      total 604160K, used 536317K [0x000000076ab00000, 0x000000079f200000, 0x00000007c0000000)
  eden space 438272K, 100% used [0x000000076ab00000,0x0000000785700000,0x0000000785700000)
  from space 165888K, 59% used [0x0000000785700000,0x000000078b6bf638,0x000000078f900000)
  to   space 185856K, 0% used [0x0000000793c80000,0x0000000793c80000,0x000000079f200000)
 ParOldGen       total 609792K, used 388158K [0x00000006c0000000, 0x00000006e5380000, 0x000000076ab00000)
  object space 609792K, 63% used [0x00000006c0000000,0x00000006d7b0f908,0x00000006e5380000)
 Metaspace       used 6374K, capacity 7216K, committed 7296K, reserved 1056768K
  class space    used 580K, capacity 616K, committed 640K, reserved 1048576K
Event: 26.851 GC heap after
Heap after GC invocations=22 (full 4):
 PSYoungGen      total 650240K, used 166479K [0x000000076ab00000, 0x00000007a1880000, 0x00000007c0000000)
  eden space 464384K, 0% used [0x000000076ab00000,0x000000076ab00000,0x0000000787080000)
  from space 185856K, 89% used [0x0000000793c80000,0x000000079df13d50,0x000000079f200000)
  to   space 208896K, 0% used [0x0000000787080000,0x0000000787080000,0x0000000793c80000)
 ParOldGen       total 609792K, used 388158K [0x00000006c0000000, 0x00000006e5380000, 0x000000076ab00000)
  object space 609792K, 63% used [0x00000006c0000000,0x00000006d7b0f908,0x00000006e5380000)
 Metaspace       used 6374K, capacity 7216K, committed 7296K, reserved 1056768K
  class space    used 580K, capacity 616K, committed 640K, reserved 1048576K
}
Event: 42.899 GC heap before
{Heap before GC invocations=23 (full 4):
 PSYoungGen      total 650240K, used 630863K [0x000000076ab00000, 0x00000007a1880000, 0x00000007c0000000)
  eden space 464384K, 100% used [0x000000076ab00000,0x0000000787080000,0x0000000787080000)
  from space 185856K, 89% used [0x0000000793c80000,0x000000079df13d50,0x000000079f200000)
  to   space 208896K, 0% used [0x0000000787080000,0x0000000787080000,0x0000000793c80000)
 ParOldGen       total 609792K, used 388158K [0x00000006c0000000, 0x00000006e5380000, 0x000000076ab00000)
  object space 609792K, 63% used [0x00000006c0000000,0x00000006d7b0f908,0x00000006e5380000)
 Metaspace       used 6374K, capacity 7216K, committed 7296K, reserved 1056768K
  class space    used 580K, capacity 616K, committed 640K, reserved 1048576K
Event: 43.096 GC heap after
Heap after GC invocations=23 (full 4):
 PSYoungGen      total 673280K, used 208887K [0x000000076ab00000, 0x00000007a8600000, 0x00000007c0000000)
  eden space 464384K, 0% used [0x000000076ab00000,0x000000076ab00000,0x0000000787080000)
  from space 208896K, 99% used [0x0000000787080000,0x0000000793c7dce8,0x0000000793c80000)
  to   space 254464K, 0% used [0x0000000798d80000,0x0000000798d80000,0x00000007a8600000)
 ParOldGen       total 609792K, used 418947K [0x00000006c0000000, 0x00000006e5380000, 0x000000076ab00000)
  object space 609792K, 68% used [0x00000006c0000000,0x00000006d9920fd8,0x00000006e5380000)
 Metaspace       used 6374K, capacity 7216K, committed 7296K, reserved 1056768K
  class space    used 580K, capacity 616K, committed 640K, reserved 1048576K
}
Event: 60.521 GC heap before
{Heap before GC invocations=24 (full 4):
 PSYoungGen      total 673280K, used 673271K [0x000000076ab00000, 0x00000007a8600000, 0x00000007c0000000)
  eden space 464384K, 100% used [0x000000076ab00000,0x0000000787080000,0x0000000787080000)
  from space 208896K, 99% used [0x0000000787080000,0x0000000793c7dce8,0x0000000793c80000)
  to   space 254464K, 0% used [0x0000000798d80000,0x0000000798d80000,0x00000007a8600000)
 ParOldGen       total 609792K, used 418947K [0x00000006c0000000, 0x00000006e5380000, 0x000000076ab00000)
  object space 609792K, 68% used [0x00000006c0000000,0x00000006d9920fd8,0x00000006e5380000)
 Metaspace       used 6376K, capacity 7216K, committed 7296K, reserved 1056768K
  class space    used 580K, capacity 616K, committed 640K, reserved 1048576K
Event: 60.777 GC heap after
Heap after GC invocations=24 (full 4):
 PSYoungGen      total 719872K, used 238737K [0x000000076ab00000, 0x00000007ac780000, 0x00000007c0000000)
  eden space 465408K, 0% used [0x000000076ab00000,0x000000076ab00000,0x0000000787180000)
  from space 254464K, 93% used [0x0000000798d80000,0x00000007a76a4560,0x00000007a8600000)
  to   space 290816K, 0% used [0x0000000787180000,0x0000000787180000,0x0000000798d80000)
 ParOldGen       total 609792K, used 461427K [0x00000006c0000000, 0x00000006e5380000, 0x000000076ab00000)
  object space 609792K, 75% used [0x00000006c0000000,0x00000006dc29cec0,0x00000006e5380000)
 Metaspace       used 6376K, capacity 7216K, committed 7296K, reserved 1056768K
  class space    used 580K, capacity 616K, committed 640K, reserved 1048576K
}

